<?xml version="1.0" encoding="UTF-8"?>
<coverage generated="1686323513122" clover="3.2.0">
  <project timestamp="1686323513122" name="All files">
    <metrics statements="55" coveredstatements="48" conditionals="14" coveredconditionals="14" methods="14" coveredmethods="12" elements="83" coveredelements="74" complexity="0" loc="55" ncloc="55" packages="1" files="1" classes="1"/>
    <file name="linked-list.js" path="/home/coelizalde/Downloads/Web Development/Odin-Project/linkedlists/recursion/linked-lists/src/linked-list.js">
      <metrics statements="55" coveredstatements="48" conditionals="14" coveredconditionals="14" methods="14" coveredmethods="12"/>
      <line num="3" count="17" type="stmt"/>
      <line num="4" count="17" type="stmt"/>
      <line num="8" count="43" type="stmt"/>
      <line num="9" count="43" type="stmt"/>
      <line num="10" count="43" type="stmt"/>
      <line num="14" count="1" type="stmt"/>
      <line num="15" count="1" type="stmt"/>
      <line num="16" count="1" type="stmt"/>
      <line num="20" count="2" type="stmt"/>
      <line num="24" count="0" type="stmt"/>
      <line num="28" count="3" type="stmt"/>
      <line num="29" count="3" type="stmt"/>
      <line num="30" count="5" type="stmt"/>
      <line num="32" count="3" type="stmt"/>
      <line num="36" count="10" type="cond" truecount="4" falsecount="0"/>
      <line num="37" count="5" type="stmt"/>
      <line num="40" count="5" type="stmt"/>
      <line num="41" count="5" type="stmt"/>
      <line num="42" count="7" type="stmt"/>
      <line num="44" count="5" type="stmt"/>
      <line num="48" count="3" type="cond" truecount="2" falsecount="0"/>
      <line num="49" count="1" type="stmt"/>
      <line num="52" count="2" type="stmt"/>
      <line num="53" count="2" type="cond" truecount="2" falsecount="0"/>
      <line num="54" count="1" type="stmt"/>
      <line num="57" count="1" type="stmt"/>
      <line num="58" count="1" type="stmt"/>
      <line num="62" count="2" type="stmt"/>
      <line num="63" count="2" type="stmt"/>
      <line num="67" count="3" type="cond" truecount="2" falsecount="0"/>
      <line num="68" count="3" type="stmt"/>
      <line num="69" count="3" type="cond" truecount="2" falsecount="0"/>
      <line num="70" count="1" type="stmt"/>
      <line num="71" count="1" type="stmt"/>
      <line num="73" count="3" type="stmt"/>
      <line num="77" count="0" type="stmt"/>
      <line num="78" count="0" type="stmt"/>
      <line num="79" count="0" type="stmt"/>
      <line num="80" count="0" type="stmt"/>
      <line num="81" count="0" type="stmt"/>
      <line num="83" count="0" type="stmt"/>
      <line num="87" count="2" type="stmt"/>
      <line num="89" count="2" type="stmt"/>
      <line num="90" count="6" type="cond" truecount="2" falsecount="0"/>
      <line num="91" count="1" type="stmt"/>
      <line num="93" count="5" type="stmt"/>
      <line num="95" count="1" type="stmt"/>
      <line num="101" count="45" type="stmt"/>
      <line num="102" count="45" type="stmt"/>
      <line num="107" count="1" type="stmt"/>
      <line num="108" count="14" type="stmt"/>
      <line num="109" count="14" type="stmt"/>
      <line num="110" count="40" type="stmt"/>
      <line num="112" count="14" type="stmt"/>
      <line num="115" count="1" type="stmt"/>
    </file>
  </project>
</coverage>
