{"/home/coelizalde/Downloads/Web Development/Odin-Project/linkedlists/recursion/linked-lists/src/linked-list.js": {"path":"/home/coelizalde/Downloads/Web Development/Odin-Project/linkedlists/recursion/linked-lists/src/linked-list.js","statementMap":{"0":{"start":{"line":3,"column":4},"end":{"line":3,"column":21}},"1":{"start":{"line":4,"column":4},"end":{"line":4,"column":20}},"2":{"start":{"line":8,"column":20},"end":{"line":8,"column":45}},"3":{"start":{"line":9,"column":4},"end":{"line":9,"column":24}},"4":{"start":{"line":10,"column":4},"end":{"line":10,"column":18}},"5":{"start":{"line":14,"column":18},"end":{"line":14,"column":29}},"6":{"start":{"line":15,"column":18},"end":{"line":15,"column":32}},"7":{"start":{"line":16,"column":4},"end":{"line":16,"column":31}},"8":{"start":{"line":20,"column":4},"end":{"line":20,"column":23}},"9":{"start":{"line":24,"column":4},"end":{"line":24,"column":21}},"10":{"start":{"line":28,"column":18},"end":{"line":28,"column":27}},"11":{"start":{"line":29,"column":4},"end":{"line":31,"column":5}},"12":{"start":{"line":30,"column":6},"end":{"line":30,"column":33}},"13":{"start":{"line":32,"column":4},"end":{"line":32,"column":19}},"14":{"start":{"line":36,"column":4},"end":{"line":38,"column":5}},"15":{"start":{"line":37,"column":6},"end":{"line":37,"column":18}},"16":{"start":{"line":40,"column":18},"end":{"line":40,"column":27}},"17":{"start":{"line":41,"column":4},"end":{"line":43,"column":5}},"18":{"start":{"line":41,"column":17},"end":{"line":41,"column":18}},"19":{"start":{"line":42,"column":6},"end":{"line":42,"column":33}},"20":{"start":{"line":44,"column":4},"end":{"line":44,"column":19}},"21":{"start":{"line":48,"column":17},"end":{"line":48,"column":19}},"22":{"start":{"line":49,"column":18},"end":{"line":49,"column":27}},"23":{"start":{"line":50,"column":4},"end":{"line":53,"column":5}},"24":{"start":{"line":51,"column":19},"end":{"line":51,"column":49}},"25":{"start":{"line":52,"column":6},"end":{"line":52,"column":33}},"26":{"start":{"line":54,"column":4},"end":{"line":54,"column":34}},"27":{"start":{"line":60,"column":4},"end":{"line":60,"column":23}},"28":{"start":{"line":61,"column":4},"end":{"line":61,"column":29}},"29":{"start":{"line":65,"column":0},"end":{"line":65,"column":28}}},"fnMap":{"0":{"name":"(anonymous_0)","decl":{"start":{"line":2,"column":2},"end":{"line":2,"column":3}},"loc":{"start":{"line":2,"column":16},"end":{"line":5,"column":3}},"line":2},"1":{"name":"(anonymous_1)","decl":{"start":{"line":7,"column":2},"end":{"line":7,"column":3}},"loc":{"start":{"line":7,"column":16},"end":{"line":11,"column":3}},"line":7},"2":{"name":"(anonymous_2)","decl":{"start":{"line":13,"column":2},"end":{"line":13,"column":3}},"loc":{"start":{"line":13,"column":15},"end":{"line":17,"column":3}},"line":13},"3":{"name":"(anonymous_3)","decl":{"start":{"line":19,"column":2},"end":{"line":19,"column":3}},"loc":{"start":{"line":19,"column":9},"end":{"line":21,"column":3}},"line":19},"4":{"name":"(anonymous_4)","decl":{"start":{"line":23,"column":2},"end":{"line":23,"column":3}},"loc":{"start":{"line":23,"column":9},"end":{"line":25,"column":3}},"line":23},"5":{"name":"(anonymous_5)","decl":{"start":{"line":27,"column":2},"end":{"line":27,"column":3}},"loc":{"start":{"line":27,"column":9},"end":{"line":33,"column":3}},"line":27},"6":{"name":"(anonymous_6)","decl":{"start":{"line":35,"column":2},"end":{"line":35,"column":3}},"loc":{"start":{"line":35,"column":20},"end":{"line":45,"column":3}},"line":35},"7":{"name":"(anonymous_7)","decl":{"start":{"line":47,"column":2},"end":{"line":47,"column":3}},"loc":{"start":{"line":47,"column":13},"end":{"line":55,"column":3}},"line":47},"8":{"name":"(anonymous_8)","decl":{"start":{"line":59,"column":2},"end":{"line":59,"column":3}},"loc":{"start":{"line":59,"column":31},"end":{"line":62,"column":3}},"line":59}},"branchMap":{"0":{"loc":{"start":{"line":36,"column":4},"end":{"line":38,"column":5}},"type":"if","locations":[{"start":{"line":36,"column":4},"end":{"line":38,"column":5}},{"start":{},"end":{}}],"line":36},"1":{"loc":{"start":{"line":36,"column":8},"end":{"line":36,"column":41}},"type":"binary-expr","locations":[{"start":{"line":36,"column":8},"end":{"line":36,"column":17}},{"start":{"line":36,"column":21},"end":{"line":36,"column":41}}],"line":36}},"s":{"0":1,"1":1,"2":2,"3":2,"4":2,"5":0,"6":0,"7":0,"8":0,"9":0,"10":0,"11":0,"12":0,"13":0,"14":0,"15":0,"16":0,"17":0,"18":0,"19":0,"20":0,"21":0,"22":0,"23":0,"24":0,"25":0,"26":0,"27":2,"28":2,"29":1},"f":{"0":1,"1":2,"2":0,"3":0,"4":0,"5":0,"6":0,"7":0,"8":2},"b":{"0":[0,0],"1":[0,0]},"_coverageSchema":"1a1c01bbd47fc00a2c39e90264f33305004495a9","hash":"983c51dadc8a5e36bee9dba4b2e27cd557d771d7"}
}
