TN:
SF:src/linked-list.js
FN:2,(anonymous_0)
FN:7,(anonymous_1)
FN:13,(anonymous_2)
FN:19,(anonymous_3)
FN:23,(anonymous_4)
FN:27,(anonymous_5)
FN:35,(anonymous_6)
FN:47,(anonymous_7)
FN:61,(anonymous_8)
FN:66,(anonymous_9)
FN:76,(anonymous_10)
FN:86,(anonymous_11)
FN:100,(anonymous_12)
FN:107,(anonymous_13)
FNF:14
FNH:12
FNDA:17,(anonymous_0)
FNDA:43,(anonymous_1)
FNDA:1,(anonymous_2)
FNDA:2,(anonymous_3)
FNDA:0,(anonymous_4)
FNDA:3,(anonymous_5)
FNDA:10,(anonymous_6)
FNDA:3,(anonymous_7)
FNDA:2,(anonymous_8)
FNDA:3,(anonymous_9)
FNDA:0,(anonymous_10)
FNDA:2,(anonymous_11)
FNDA:45,(anonymous_12)
FNDA:14,(anonymous_13)
DA:3,17
DA:4,17
DA:8,43
DA:9,43
DA:10,43
DA:14,1
DA:15,1
DA:16,1
DA:20,2
DA:24,0
DA:28,3
DA:29,3
DA:30,5
DA:32,3
DA:36,10
DA:37,5
DA:40,5
DA:41,5
DA:42,7
DA:44,5
DA:48,3
DA:49,1
DA:52,2
DA:53,2
DA:54,1
DA:57,1
DA:58,1
DA:62,2
DA:63,2
DA:67,3
DA:68,3
DA:69,3
DA:70,1
DA:71,1
DA:73,3
DA:77,0
DA:78,0
DA:79,0
DA:80,0
DA:81,0
DA:83,0
DA:87,2
DA:89,2
DA:90,6
DA:91,1
DA:93,5
DA:95,1
DA:101,45
DA:102,45
DA:107,1
DA:108,14
DA:109,14
DA:110,40
DA:112,14
DA:115,1
LF:55
LH:48
BRDA:36,0,0,5
BRDA:36,0,1,5
BRDA:36,1,0,10
BRDA:36,1,1,6
BRDA:48,2,0,1
BRDA:48,2,1,2
BRDA:53,3,0,1
BRDA:53,3,1,1
BRDA:67,4,0,1
BRDA:67,4,1,2
BRDA:69,5,0,1
BRDA:69,5,1,2
BRDA:90,6,0,1
BRDA:90,6,1,5
BRF:14
BRH:14
end_of_record
