TN:
SF:src/linked-list.js
FN:2,(anonymous_0)
FN:7,(anonymous_1)
FN:13,(anonymous_2)
FN:19,(anonymous_3)
FN:23,(anonymous_4)
FN:27,(anonymous_5)
FN:35,(anonymous_6)
FN:47,(anonymous_7)
FN:61,(anonymous_8)
FN:73,(anonymous_9)
FN:80,(anonymous_10)
FNF:11
FNH:9
FNDA:10,(anonymous_0)
FNDA:24,(anonymous_1)
FNDA:1,(anonymous_2)
FNDA:2,(anonymous_3)
FNDA:0,(anonymous_4)
FNDA:2,(anonymous_5)
FNDA:5,(anonymous_6)
FNDA:2,(anonymous_7)
FNDA:0,(anonymous_8)
FNDA:25,(anonymous_9)
FNDA:8,(anonymous_10)
DA:3,10
DA:4,10
DA:8,24
DA:9,24
DA:10,24
DA:14,1
DA:15,1
DA:16,1
DA:20,2
DA:24,0
DA:28,2
DA:29,2
DA:30,3
DA:32,2
DA:36,5
DA:37,3
DA:40,2
DA:41,2
DA:42,2
DA:44,2
DA:48,2
DA:49,1
DA:52,1
DA:53,1
DA:54,1
DA:57,0
DA:58,0
DA:62,0
DA:63,0
DA:64,0
DA:65,0
DA:66,0
DA:68,0
DA:74,25
DA:75,25
DA:80,1
DA:81,8
DA:82,8
DA:83,21
DA:85,8
DA:88,1
LF:41
LH:32
BRDA:36,0,0,3
BRDA:36,0,1,2
BRDA:36,1,0,5
BRDA:36,1,1,3
BRDA:48,2,0,1
BRDA:48,2,1,1
BRDA:53,3,0,1
BRDA:53,3,1,0
BRF:8
BRH:7
end_of_record
